<?xml version="1.0" encoding="UTF-8"?>
<testExecutions version="1">
  <file path="E:\React\blinkist\src\Components\molecules\Banner1\index.test.tsx">
    <testCase name="Banner Heading" duration="246"/>
  </file>
  <file path="E:\React\blinkist\src\Components\organisms\Footer\index.test.tsx">
    <testCase name="Footer Component" duration="279"/>
  </file>
  <file path="E:\React\blinkist\src\Components\atoms\Typography\index.test.tsx">
    <testCase name="renders Text passed from prop" duration="78"/>
  </file>
  <file path="E:\React\blinkist\src\Components\atoms\ProgressBar\index.test.tsx">
    <testCase name="should render progressbar" duration="157"/>
    <testCase name="should render progressbar with value" duration="45"/>
  </file>
  <file path="E:\React\blinkist\src\Components\atoms\Button\index.test.tsx">
    <testCase name="renders Button" duration="224"/>
  </file>
  <file path="E:\React\blinkist\src\Components\molecules\NavIcon\index.test.tsx">
    <testCase name="render the nav icon as well as label" duration="97"/>
    <testCase name="Left icon" duration="21"/>
    <testCase name="Right icon" duration="16"/>
  </file>
  <file path="E:\React\blinkist\src\Components\atoms\Blank\index.test.tsx">
    <testCase name="renders a blankcomponent" duration="75"/>
  </file>
  <file path="E:\React\blinkist\src\Components\atoms\Avatar\index.test.tsx">
    <testCase name="renders a avatar" duration="107"/>
  </file>
  <file path="E:\React\blinkist\src\Components\molecules\Banner\index.test.tsx">
    <testCase name="Banner Heading" duration="99"/>
    <testCase name="Bannner discription" duration="24"/>
  </file>
  <file path="E:\React\blinkist\src\Components\molecules\Logo\index.test.tsx">
    <testCase name="Logo" duration="94"/>
  </file>
  <file path="E:\React\blinkist\src\Components\atoms\Images\index.test.tsx">
    <testCase name="renders Images" duration="113"/>
  </file>
  <file path="E:\React\blinkist\src\Components\atoms\Icons\index.test.tsx">
    <testCase name="renders a icon" duration="61"/>
  </file>
  <file path="E:\React\blinkist\src\Components\organisms\Card\index.test.tsx">
    <testCase name="BookCard" duration="143"/>
  </file>
  <file path="E:\React\blinkist\src\Components\atoms\Input\index.test.tsx">
    <testCase name="Input Component" duration="182"/>
    <testCase name="should render input element" duration="106"/>
    <testCase name="should be able to type in input" duration="76"/>
  </file>
  <file path="E:\React\blinkist\src\App.test.tsx">
    <testCase name="renders App Component" duration="112"/>
  </file>
</testExecutions>