<?xml version="1.0" encoding="UTF-8"?>
<testExecutions version="1">
  <file path="E:\React\blinkist\src\Components\molecules\Banner1\index.test.tsx">
    <testCase name="Banner Heading" duration="221"/>
  </file>
  <file path="E:\React\blinkist\src\Components\atoms\Button\index.test.tsx">
    <testCase name="renders Button" duration="362"/>
  </file>
  <file path="E:\React\blinkist\src\Components\atoms\Blank\index.test.tsx">
    <testCase name="renders a blankcomponent" duration="76"/>
  </file>
  <file path="E:\React\blinkist\src\Components\molecules\NavIcon\index.test.tsx">
    <testCase name="it render the nav icon as well as label" duration="112"/>
    <testCase name="render Left icon" duration="23"/>
    <testCase name="render Right icon" duration="25"/>
  </file>
  <file path="E:\React\blinkist\src\Components\molecules\Banner\index.test.tsx">
    <testCase name="Banner Headings" duration="90"/>
    <testCase name="Bannner discriptions" duration="21"/>
  </file>
  <file path="E:\React\blinkist\src\Components\molecules\Logo\index.test.tsx">
    <testCase name="it should renderLogo" duration="86"/>
  </file>
  <file path="E:\React\blinkist\src\Components\atoms\ProgressBar\index.test.tsx">
    <testCase name="it should render progressbar" duration="163"/>
    <testCase name="it should render progressbar with value" duration="39"/>
  </file>
  <file path="E:\React\blinkist\src\Components\atoms\Avatar\index.test.tsx">
    <testCase name="renders a avatar" duration="95"/>
  </file>
  <file path="E:\React\blinkist\src\Components\organisms\Footer\index.test.tsx">
    <testCase name="Footer Component" duration="214"/>
  </file>
  <file path="E:\React\blinkist\src\Components\atoms\Typography\index.test.tsx">
    <testCase name="It renders Text passed from prop" duration="77"/>
  </file>
  <file path="E:\React\blinkist\src\Components\atoms\Icons\index.test.tsx">
    <testCase name="renders a Icon" duration="154"/>
  </file>
  <file path="E:\React\blinkist\src\Components\atoms\Images\index.test.tsx">
    <testCase name="renders Images" duration="163"/>
  </file>
  <file path="E:\React\blinkist\src\Components\organisms\Card\index.test.tsx">
    <testCase name="BookCard" duration="223"/>
  </file>
  <file path="E:\React\blinkist\src\Components\atoms\Input\index.test.tsx">
    <testCase name="Input Components" duration="290"/>
    <testCase name="should render input element" duration="161"/>
    <testCase name="should be able to type in input" duration="74"/>
  </file>
  <file path="E:\React\blinkist\src\App.test.tsx">
    <testCase name="renders App Component" duration="119"/>
  </file>
</testExecutions>