<?xml version="1.0" encoding="UTF-8"?>
<testExecutions version="1">
  <file path="E:\React\blinkist\src\Components\organisms\Card\index.test.tsx">
    <testCase name="BookCardcomponent" duration="215"/>
  </file>
</testExecutions>