<?xml version="1.0" encoding="UTF-8"?>
<testExecutions version="1">
  <file path="E:\React\blinkist\src\Components\atoms\Images\index.test.tsx">
    <testCase name="renders Images" duration="208"/>
  </file>
  <file path="E:\React\blinkist\src\Components\atoms\Avatar\index.test.tsx">
    <testCase name="Unit Test - Avatar" duration="130"/>
  </file>
  <file path="E:\React\blinkist\src\Components\atoms\Button\index.test.tsx">
    <testCase name="renders Button" duration="403"/>
  </file>
  <file path="E:\React\blinkist\src\Components\atoms\Icons\index.test.tsx">
    <testCase name="renders Icon" duration="99"/>
  </file>
  <file path="E:\React\blinkist\src\Components\atoms\Input\index.test.tsx">
    <testCase name="renders Input Component" duration="357"/>
  </file>
  <file path="E:\React\blinkist\src\App.test.tsx">
    <testCase name="renders learn react link" duration="439">
      <failure message="TestingLibraryElementError: Unable to find an accessible element with the role &quot;application&quot;"><![CDATA[TestingLibraryElementError: Unable to find an accessible element with the role "application"

Here are the accessible roles:

  progressbar:

  Name "":
  <span
    class="MuiCircularProgress-root MuiCircularProgress-indeterminate MuiCircularProgress-colorPrimary css-1gi5zzc-MuiCircularProgress-root"
    role="progressbar"
    style="width: 40px; height: 40px;"
  />

  --------------------------------------------------

Ignored nodes: comments, <script />, <style />
<body>
  <div>
    <div
      class="App"
    >
      <div
        class="MuiContainer-root MuiContainer-maxWidthLg css-14uxf7f-MuiContainer-root"
      >
        <span
          class="MuiCircularProgress-root MuiCircularProgress-indeterminate MuiCircularProgress-colorPrimary css-1gi5zzc-MuiCircularProgress-root"
          role="progressbar"
          style="width: 40px; height: 40px;"
        >
          <svg
            class="MuiCircularProgress-svg css-1idz92c-MuiCircularProgress-svg"
            viewBox="22 22 44 44"
          >
            <circle
              class="MuiCircularProgress-circle MuiCircularProgress-circleIndeterminate css-176wh8e-MuiCircularProgress-circle"
              cx="44"
              cy="44"
              fill="none"
              r="20.2"
              stroke-width="3.6"
            />
          </svg>
        </span>
      </div>
    </div>
  </div>
</body>
    at Object.getElementError (E:\React\blinkist\node_modules\@testing-library\dom\dist\config.js:38:19)
    at E:\React\blinkist\node_modules\@testing-library\dom\dist\query-helpers.js:90:38
    at E:\React\blinkist\node_modules\@testing-library\dom\dist\query-helpers.js:62:17
    at getByRole (E:\React\blinkist\node_modules\@testing-library\dom\dist\query-helpers.js:111:19)
    at Object.<anonymous> (E:\React\blinkist\src\App.test.tsx:7:30)
    at Promise.then.completed (E:\React\blinkist\node_modules\jest-circus\build\utils.js:391:28)
    at new Promise (<anonymous>)
    at callAsyncCircusFn (E:\React\blinkist\node_modules\jest-circus\build\utils.js:316:10)
    at _callCircusTest (E:\React\blinkist\node_modules\jest-circus\build\run.js:218:40)
    at processTicksAndRejections (node:internal/process/task_queues:96:5)
    at _runTest (E:\React\blinkist\node_modules\jest-circus\build\run.js:155:3)
    at _runTestsForDescribeBlock (E:\React\blinkist\node_modules\jest-circus\build\run.js:66:9)
    at run (E:\React\blinkist\node_modules\jest-circus\build\run.js:25:3)
    at runAndTransformResultsToJestFormat (E:\React\blinkist\node_modules\jest-circus\build\legacy-code-todo-rewrite\jestAdapterInit.js:170:21)
    at jestAdapter (E:\React\blinkist\node_modules\jest-circus\build\legacy-code-todo-rewrite\jestAdapter.js:82:19)
    at runTestInternal (E:\React\blinkist\node_modules\jest-runner\build\runTest.js:389:16)
    at runTest (E:\React\blinkist\node_modules\jest-runner\build\runTest.js:475:34)
    at Object.worker (E:\React\blinkist\node_modules\jest-runner\build\testWorker.js:133:12)]]></failure>
    </testCase>
  </file>
</testExecutions>